Unhandled Error
Traceback (most recent call last):
  File "/home/server/Server.py", line 101, in launch
    reactor.run()
  File "/usr/local/lib/python3.5/dist-packages/twisted/internet/base.py", line 1199, in run
    self.mainLoop()
  File "/usr/local/lib/python3.5/dist-packages/twisted/internet/base.py", line 1211, in mainLoop
    self.doIteration(t)
  File "/usr/local/lib/python3.5/dist-packages/twisted/internet/epollreactor.py", line 235, in doPoll
    log.callWithLogger(selectable, _drdw, selectable, fd, event)
--- <exception caught here> ---
  File "/usr/local/lib/python3.5/dist-packages/twisted/python/log.py", line 103, in callWithLogger
    return callWithContext({"system": lp}, func, *args, **kw)
  File "/usr/local/lib/python3.5/dist-packages/twisted/python/log.py", line 86, in callWithContext
    return context.call({ILogContext: newCtx}, func, *args, **kw)
  File "/usr/local/lib/python3.5/dist-packages/twisted/python/context.py", line 118, in callWithContext
    return self.currentContext().callWithContext(ctx, func, *args, **kw)
  File "/usr/local/lib/python3.5/dist-packages/twisted/python/context.py", line 81, in callWithContext
    return func(*args,**kw)
  File "/usr/local/lib/python3.5/dist-packages/twisted/internet/posixbase.py", line 610, in _doReadOrWrite
    self._disconnectSelectable(selectable, why, inRead)
  File "/usr/local/lib/python3.5/dist-packages/twisted/internet/posixbase.py", line 255, in _disconnectSelectable
    selectable.connectionLost(f)
  File "/usr/local/lib/python3.5/dist-packages/twisted/internet/tcp.py", line 292, in connectionLost
    protocol.connectionLost(reason)
  File "/home/server/Server.py", line 21, in connectionLost
    self.factory.lost_connection_func(self)
  File "/home/server/lobby_server_handlers/factory_utils.py", line 27, in lostConnectionFunc
    sendMessageToAllClients(self.factory, '- '+str(self.id))
builtins.AttributeError: 'ServerProtocol' object has no attribute 'id'

Unhandled Error
Traceback (most recent call last):
  File "/home/server/Server.py", line 101, in launch
    reactor.run()
  File "/usr/local/lib/python3.5/dist-packages/twisted/internet/base.py", line 1199, in run
    self.mainLoop()
  File "/usr/local/lib/python3.5/dist-packages/twisted/internet/base.py", line 1211, in mainLoop
    self.doIteration(t)
  File "/usr/local/lib/python3.5/dist-packages/twisted/internet/epollreactor.py", line 235, in doPoll
    log.callWithLogger(selectable, _drdw, selectable, fd, event)
--- <exception caught here> ---
  File "/usr/local/lib/python3.5/dist-packages/twisted/python/log.py", line 103, in callWithLogger
    return callWithContext({"system": lp}, func, *args, **kw)
  File "/usr/local/lib/python3.5/dist-packages/twisted/python/log.py", line 86, in callWithContext
    return context.call({ILogContext: newCtx}, func, *args, **kw)
  File "/usr/local/lib/python3.5/dist-packages/twisted/python/context.py", line 118, in callWithContext
    return self.currentContext().callWithContext(ctx, func, *args, **kw)
  File "/usr/local/lib/python3.5/dist-packages/twisted/python/context.py", line 81, in callWithContext
    return func(*args,**kw)
  File "/usr/local/lib/python3.5/dist-packages/twisted/internet/posixbase.py", line 610, in _doReadOrWrite
    self._disconnectSelectable(selectable, why, inRead)
  File "/usr/local/lib/python3.5/dist-packages/twisted/internet/posixbase.py", line 252, in _disconnectSelectable
    selectable.readConnectionLost(f)
  File "/usr/local/lib/python3.5/dist-packages/twisted/internet/tcp.py", line 272, in readConnectionLost
    self.connectionLost(reason)
  File "/usr/local/lib/python3.5/dist-packages/twisted/internet/tcp.py", line 292, in connectionLost
    protocol.connectionLost(reason)
  File "/home/server/Server.py", line 21, in connectionLost
    self.factory.lost_connection_func(self)
  File "/home/server/lobby_server_handlers/factory_utils.py", line 27, in lostConnectionFunc
    sendMessageToAllClients(self.factory, '- '+str(self.id))
builtins.AttributeError: 'ServerProtocol' object has no attribute 'id'

/home/server/utils/database
Starting Server
New connection
got register login=jiqdkmcjy;password=jiqdkmcjy_password
/home/server/utils/database
Send line '{}'
Lost connection
New connection
got authorize login=jiqdkmcjy;password=jiqdkmcjy_password
/home/server/utils/database
/home/server/utils/database
Send line '{"token": "1484294105.208224|rdP247-Ij8ded7RgXSFzplQhBg_5Z_7AP9tnY8bq6MZCETuOvtYTvOW-BjbvGm2zbcbD8kDEwuDAQXlW0SUyVQ++", "id": 1767}'
Lost connection
New connection
got leaderboard id=1767;token=1484294105.208224|rdP247-Ij8ded7RgXSFzplQhBg_5Z_7AP9tnY8bq6MZCETuOvtYTvOW-BjbvGm2zbcbD8kDEwuDAQXlW0SUyVQ++;size=5;backgammon=1;narde=1
Send line '[[154, 1, 4.0, 64.0], [1664, 2, 3.0, 54.0], [1666, 1, 3.0, 27.0], [1669, 1, 3.0, 27.0], [1672, 1, 3.0, 27.0]]'
Lost connection
New connection
got get_user id=1767;token=1484294105.208224|rdP247-Ij8ded7RgXSFzplQhBg_5Z_7AP9tnY8bq6MZCETuOvtYTvOW-BjbvGm2zbcbD8kDEwuDAQXlW0SUyVQ++;user_id=1767
/home/server/utils/database
Send line '{"mini_avatar_id": "null", "avatar_id": "null", "country_id": "null", "name": "null", "city": "null", "avatar_server_id": "null", "sex_id": "null", "birthday": "null", "login": "jiqdkmcjy"}'
Lost connection
New connection
got get_user_coins id=1767;token=1484294105.208224|rdP247-Ij8ded7RgXSFzplQhBg_5Z_7AP9tnY8bq6MZCETuOvtYTvOW-BjbvGm2zbcbD8kDEwuDAQXlW0SUyVQ++;user_id=1767
/home/server/utils/database
Send line '{"coins": 300, "user_id": 1767, "xp": 0}'
Lost connection
New connection
got register login=acvjgbtsz;password=acvjgbtsz_password
/home/server/utils/database
Send line '{}'
Lost connection
New connection
got authorize login=acvjgbtsz;password=acvjgbtsz_password
/home/server/utils/database
/home/server/utils/database
Send line '{"token": "1484294212.240358|5_TfNq6_3okChOQYfLTrgHTAqFVHF4Cz2LlA3uI7K3CT5yXKusbvVVHltzz5FAW7uxTaOR2s9SM83TP9T9YeVg++", "id": 1768}'
Lost connection
New connection
got leaderboard id=1768;token=1484294212.240358|5_TfNq6_3okChOQYfLTrgHTAqFVHF4Cz2LlA3uI7K3CT5yXKusbvVVHltzz5FAW7uxTaOR2s9SM83TP9T9YeVg++;size=5;backgammon=1;narde=1
Send line '[[154, 1, 4.0, 64.0], [1664, 2, 3.0, 54.0], [1666, 1, 3.0, 27.0], [1669, 1, 3.0, 27.0], [1672, 1, 3.0, 27.0]]'
Lost connection
New connection
got get_user id=1768;token=1484294212.240358|5_TfNq6_3okChOQYfLTrgHTAqFVHF4Cz2LlA3uI7K3CT5yXKusbvVVHltzz5FAW7uxTaOR2s9SM83TP9T9YeVg++;user_id=1768
/home/server/utils/database
Send line '{"mini_avatar_id": "null", "avatar_id": "null", "country_id": "null", "name": "null", "city": "null", "avatar_server_id": "null", "sex_id": "null", "birthday": "null", "login": "acvjgbtsz"}'
Lost connection
New connection
got get_user_coins id=1768;token=1484294212.240358|5_TfNq6_3okChOQYfLTrgHTAqFVHF4Cz2LlA3uI7K3CT5yXKusbvVVHltzz5FAW7uxTaOR2s9SM83TP9T9YeVg++;user_id=1768
/home/server/utils/database
Send line '{"coins": 300, "user_id": 1768, "xp": 0}'
Lost connection
New connection
got get_user id=1768;token=1484294212.240358|5_TfNq6_3okChOQYfLTrgHTAqFVHF4Cz2LlA3uI7K3CT5yXKusbvVVHltzz5FAW7uxTaOR2s9SM83TP9T9YeVg++;user_id=1768
/home/server/utils/database
Send line '{"mini_avatar_id": "null", "avatar_id": "null", "country_id": "null", "name": "null", "city": "null", "avatar_server_id": "null", "sex_id": "null", "birthday": "null", "login": "acvjgbtsz"}'
Lost connection
New connection
got get_user_coins id=1768;token=1484294212.240358|5_TfNq6_3okChOQYfLTrgHTAqFVHF4Cz2LlA3uI7K3CT5yXKusbvVVHltzz5FAW7uxTaOR2s9SM83TP9T9YeVg++;user_id=1768
/home/server/utils/database
Send line '{"coins": 300, "user_id": 1768, "xp": 0}'
Lost connection
New connection
got get_user id=1768;token=1484294212.240358|5_TfNq6_3okChOQYfLTrgHTAqFVHF4Cz2LlA3uI7K3CT5yXKusbvVVHltzz5FAW7uxTaOR2s9SM83TP9T9YeVg++;user_id=1768
/home/server/utils/database
Send line '{"mini_avatar_id": "null", "avatar_id": "null", "country_id": "null", "name": "null", "city": "null", "avatar_server_id": "null", "sex_id": "null", "birthday": "null", "login": "acvjgbtsz"}'
Lost connection
New connection
got get_user_coins id=1768;token=1484294212.240358|5_TfNq6_3okChOQYfLTrgHTAqFVHF4Cz2LlA3uI7K3CT5yXKusbvVVHltzz5FAW7uxTaOR2s9SM83TP9T9YeVg++;user_id=1768
/home/server/utils/database
Send line '{"coins": 300, "user_id": 1768, "xp": 0}'
Lost connection
New connection
got register login=awuujwplb;password=awuujwplb_password
/home/server/utils/database
Send line '{}'
Lost connection
New connection
got authorize login=awuujwplb;password=awuujwplb_password
/home/server/utils/database
/home/server/utils/database
Send line '{"token": "1484294260.794324|QuXmEnJdhjrWHbsr1Q8jS2Zr4QEeF40rJhkNoyMMPYHZRuMBdgOps_MwLlfGlzLEBYwsqxd3nu-G2LMb1rsOIA++", "id": 1769}'
Lost connection
New connection
got leaderboard id=1769;token=1484294260.794324|QuXmEnJdhjrWHbsr1Q8jS2Zr4QEeF40rJhkNoyMMPYHZRuMBdgOps_MwLlfGlzLEBYwsqxd3nu-G2LMb1rsOIA++;size=5;backgammon=1;narde=1
Send line '[[154, 1, 4.0, 64.0], [1664, 2, 3.0, 54.0], [1666, 1, 3.0, 27.0], [1669, 1, 3.0, 27.0], [1672, 1, 3.0, 27.0]]'
Lost connection
New connection
got get_user id=1769;token=1484294260.794324|QuXmEnJdhjrWHbsr1Q8jS2Zr4QEeF40rJhkNoyMMPYHZRuMBdgOps_MwLlfGlzLEBYwsqxd3nu-G2LMb1rsOIA++;user_id=1769
/home/server/utils/database
Send line '{"mini_avatar_id": "null", "avatar_id": "null", "country_id": "null", "name": "null", "city": "null", "avatar_server_id": "null", "sex_id": "null", "birthday": "null", "login": "awuujwplb"}'
Lost connection
New connection
got get_user_coins id=1769;token=1484294260.794324|QuXmEnJdhjrWHbsr1Q8jS2Zr4QEeF40rJhkNoyMMPYHZRuMBdgOps_MwLlfGlzLEBYwsqxd3nu-G2LMb1rsOIA++;user_id=1769
/home/server/utils/database
Send line '{"coins": 300, "user_id": 1769, "xp": 0}'
Lost connection
New connection
got get_user id=1769;token=1484294260.794324|QuXmEnJdhjrWHbsr1Q8jS2Zr4QEeF40rJhkNoyMMPYHZRuMBdgOps_MwLlfGlzLEBYwsqxd3nu-G2LMb1rsOIA++;user_id=1769
/home/server/utils/database
Send line '{"mini_avatar_id": "null", "avatar_id": "null", "country_id": "null", "name": "null", "city": "null", "avatar_server_id": "null", "sex_id": "null", "birthday": "null", "login": "awuujwplb"}'
Lost connection
New connection
got get_user_coins id=1769;token=1484294260.794324|QuXmEnJdhjrWHbsr1Q8jS2Zr4QEeF40rJhkNoyMMPYHZRuMBdgOps_MwLlfGlzLEBYwsqxd3nu-G2LMb1rsOIA++;user_id=1769
/home/server/utils/database
Send line '{"coins": 300, "user_id": 1769, "xp": 0}'
Lost connection
New connection
got register login=kefpcayuu;password=kefpcayuu_password
/home/server/utils/database
Send line '{}'
Lost connection
New connection
got authorize login=kefpcayuu;password=kefpcayuu_password
/home/server/utils/database
/home/server/utils/database
Send line '{"token": "1484294407.550848|XIKNyistBGlGx5j6Z_rE0HBjvjsHCPaM4px_cCumvhp_YnVNJUQdLRuD8B6ys1rUG3tlr6zxCCY3JiWhNNuUeA++", "id": 1770}'
Lost connection
New connection
got leaderboard id=1770;token=1484294407.550848|XIKNyistBGlGx5j6Z_rE0HBjvjsHCPaM4px_cCumvhp_YnVNJUQdLRuD8B6ys1rUG3tlr6zxCCY3JiWhNNuUeA++;size=5;backgammon=1;narde=1
Send line '[[154, 1, 4.0, 64.0], [1664, 2, 3.0, 54.0], [1666, 1, 3.0, 27.0], [1669, 1, 3.0, 27.0], [1672, 1, 3.0, 27.0]]'
Lost connection
New connection
got get_user id=1770;token=1484294407.550848|XIKNyistBGlGx5j6Z_rE0HBjvjsHCPaM4px_cCumvhp_YnVNJUQdLRuD8B6ys1rUG3tlr6zxCCY3JiWhNNuUeA++;user_id=1770
/home/server/utils/database
Send line '{"mini_avatar_id": "null", "avatar_id": "null", "country_id": "null", "name": "null", "city": "null", "avatar_server_id": "null", "sex_id": "null", "birthday": "null", "login": "kefpcayuu"}'
Lost connection
New connection
got get_user_coins id=1770;token=1484294407.550848|XIKNyistBGlGx5j6Z_rE0HBjvjsHCPaM4px_cCumvhp_YnVNJUQdLRuD8B6ys1rUG3tlr6zxCCY3JiWhNNuUeA++;user_id=1770
/home/server/utils/database
Send line '{"coins": 300, "user_id": 1770, "xp": 0}'
Lost connection
New connection
got get_user id=1770;token=1484294407.550848|XIKNyistBGlGx5j6Z_rE0HBjvjsHCPaM4px_cCumvhp_YnVNJUQdLRuD8B6ys1rUG3tlr6zxCCY3JiWhNNuUeA++;user_id=1770
/home/server/utils/database
Send line '{"mini_avatar_id": "null", "avatar_id": "null", "country_id": "null", "name": "null", "city": "null", "avatar_server_id": "null", "sex_id": "null", "birthday": "null", "login": "kefpcayuu"}'
Lost connection
New connection
got get_user_coins id=1770;token=1484294407.550848|XIKNyistBGlGx5j6Z_rE0HBjvjsHCPaM4px_cCumvhp_YnVNJUQdLRuD8B6ys1rUG3tlr6zxCCY3JiWhNNuUeA++;user_id=1770Unhandled Error
Traceback (most recent call last):
  File "/home/server/Server.py", line 101, in launch
    reactor.run()
  File "/usr/local/lib/python3.5/dist-packages/twisted/internet/base.py", line 1199, in run
    self.mainLoop()
  File "/usr/local/lib/python3.5/dist-packages/twisted/internet/base.py", line 1211, in mainLoop
    self.doIteration(t)
  File "/usr/local/lib/python3.5/dist-packages/twisted/internet/epollreactor.py", line 235, in doPoll
    log.callWithLogger(selectable, _drdw, selectable, fd, event)
--- <exception caught here> ---
  File "/usr/local/lib/python3.5/dist-packages/twisted/python/log.py", line 103, in callWithLogger
    return callWithContext({"system": lp}, func, *args, **kw)
  File "/usr/local/lib/python3.5/dist-packages/twisted/python/log.py", line 86, in callWithContext
    return context.call({ILogContext: newCtx}, func, *args, **kw)
  File "/usr/local/lib/python3.5/dist-packages/twisted/python/context.py", line 118, in callWithContext
    return self.currentContext().callWithContext(ctx, func, *args, **kw)
  File "/usr/local/lib/python3.5/dist-packages/twisted/python/context.py", line 81, in callWithContext
    return func(*args,**kw)
  File "/usr/local/lib/python3.5/dist-packages/twisted/internet/posixbase.py", line 610, in _doReadOrWrite
    self._disconnectSelectable(selectable, why, inRead)
  File "/usr/local/lib/python3.5/dist-packages/twisted/internet/posixbase.py", line 255, in _disconnectSelectable
    selectable.connectionLost(f)
  File "/usr/local/lib/python3.5/dist-packages/twisted/internet/tcp.py", line 292, in connectionLost
    protocol.connectionLost(reason)
  File "/home/server/Server.py", line 21, in connectionLost
    self.factory.lost_connection_func(self)
  File "/home/server/lobby_server_handlers/factory_utils.py", line 27, in lostConnectionFunc
    sendMessageToAllClients(self.factory, '- '+str(self.id))
builtins.AttributeError: 'ServerProtocol' object has no attribute 'id'

java.net.SocketException: Broken pipe (Write failed)
	at java.net.SocketOutputStream.socketWrite0(Native Method)
	at java.net.SocketOutputStream.socketWrite(SocketOutputStream.java:111)
	at java.net.SocketOutputStream.write(SocketOutputStream.java:155)
	at java.io.BufferedOutputStream.flushBuffer(BufferedOutputStream.java:82)
	at java.io.BufferedOutputStream.flush(BufferedOutputStream.java:140)
	at com.company.SocketThreadedJob.write(SocketThreadedJob.java:24)
	at com.company.SlaveThreadedJob$1.run(SlaveThreadedJob.java:54)
	at java.lang.Thread.run(Thread.java:745)
python3: can't open file 'run': [Errno 2] No such file or directory
